Device: cuda
Fold: 0
Creating new model...
Class weights: [1.0, 1.0, 1.0, 1.0, 1.0, 1.0, 1.0, 1.0, 1.0, 1.0, 1.0, 1.0, 1.0, 1.0, 1.0, 1.0, 1.0, 1.0, 1.0, 1.0]

Epoch 1/3

Train:   0%|          | 0/229 [00:00<?, ?it/s]
Train:   0%|          | 1/229 [00:26<1:40:34, 26.47s/it]
Train:   1%|1         | 3/229 [00:26<25:59,  6.90s/it]  
Train:   3%|2         | 6/229 [00:26<10:03,  2.70s/it]
Train:   4%|3         | 9/229 [00:26<05:21,  1.46s/it]
Train:   5%|4         | 11/229 [00:26<03:44,  1.03s/it]
Train:   6%|6         | 14/229 [00:27<02:16,  1.57it/s]
Train:   7%|7         | 17/229 [00:27<01:29,  2.36it/s]
Train:   9%|8         | 20/229 [00:27<01:01,  3.39it/s]
Train:  10%|#         | 23/229 [00:27<00:45,  4.56it/s]
Train:  11%|#1        | 26/229 [00:27<00:32,  6.16it/s]
Train:  13%|#2        | 29/229 [00:27<00:25,  7.92it/s]
Train:  14%|#3        | 32/229 [00:27<00:19, 10.01it/s]
Train:  15%|#5        | 35/229 [00:28<00:16, 12.00it/s]
Train:  17%|#6        | 38/229 [00:28<00:13, 13.99it/s]
Train:  18%|#7        | 41/229 [00:28<00:11, 16.43it/s]
Train:  19%|#9        | 44/229 [00:28<00:10, 17.33it/s]
Train:  21%|##        | 47/229 [00:28<00:10, 17.21it/s]
Train:  22%|##1       | 50/229 [00:28<00:10, 17.82it/s]
Train:  23%|##3       | 53/229 [00:28<00:09, 18.26it/s]
Train:  24%|##4       | 56/229 [00:29<00:09, 18.45it/s]
Train:  26%|##5       | 59/229 [00:29<00:08, 19.19it/s]
Train:  27%|##7       | 62/229 [00:29<00:09, 17.98it/s]
Train:  28%|##7       | 64/229 [00:29<00:09, 17.50it/s]
Train:  29%|##8       | 66/229 [00:29<00:09, 17.13it/s]
Train:  30%|##9       | 68/229 [00:29<00:09, 16.77it/s]
Train:  31%|###       | 70/229 [00:29<00:09, 17.42it/s]
Train:  31%|###1      | 72/229 [00:30<00:09, 16.97it/s]
Train:  32%|###2      | 74/229 [00:30<00:08, 17.44it/s]
Train:  33%|###3      | 76/229 [00:30<00:08, 17.22it/s]
Train:  34%|###4      | 78/229 [00:30<00:08, 16.99it/s]
Train:  35%|###4      | 80/229 [00:30<00:09, 15.90it/s]
Train:  36%|###5      | 82/229 [00:30<00:09, 15.88it/s]
Train:  37%|###6      | 84/229 [00:30<00:08, 16.66it/s]
Train:  38%|###7      | 86/229 [00:30<00:08, 17.30it/s]
Train:  38%|###8      | 88/229 [00:31<00:08, 16.94it/s]
Train:  40%|###9      | 91/229 [00:31<00:07, 18.64it/s]
Train:  41%|####1     | 94/229 [00:31<00:06, 19.70it/s]
Train:  42%|####1     | 96/229 [00:31<00:07, 18.45it/s]
Train:  43%|####3     | 99/229 [00:31<00:06, 19.13it/s]
Train:  45%|####4     | 102/229 [00:31<00:06, 20.00it/s]
Train:  45%|####5     | 104/229 [00:31<00:06, 19.83it/s]
Train:  47%|####6     | 107/229 [00:31<00:06, 19.91it/s]
Train:  48%|####8     | 110/229 [00:32<00:05, 21.81it/s]
Train:  49%|####9     | 113/229 [00:32<00:05, 21.39it/s]
Train:  51%|#####     | 116/229 [00:32<00:05, 21.67it/s]
Train:  52%|#####1    | 119/229 [00:32<00:04, 22.14it/s]
Train:  53%|#####3    | 122/229 [00:32<00:04, 21.95it/s]
Train:  55%|#####4    | 125/229 [00:32<00:04, 21.53it/s]
Train:  56%|#####5    | 128/229 [00:32<00:04, 22.27it/s]
Train:  57%|#####7    | 131/229 [00:33<00:04, 23.12it/s]
Train:  59%|#####8    | 134/229 [00:33<00:04, 22.38it/s]
Train:  60%|#####9    | 137/229 [00:33<00:04, 22.06it/s]
Train:  61%|######1   | 140/229 [00:33<00:03, 22.43it/s]
Train:  62%|######2   | 143/229 [00:33<00:04, 21.32it/s]
Train:  64%|######3   | 146/229 [00:33<00:03, 21.61it/s]
Train:  65%|######5   | 149/229 [00:33<00:03, 22.56it/s]
Train:  66%|######6   | 152/229 [00:33<00:03, 23.15it/s]
Train:  68%|######7   | 155/229 [00:34<00:03, 23.22it/s]
Train:  69%|######8   | 158/229 [00:34<00:02, 24.08it/s]
Train:  70%|#######   | 161/229 [00:34<00:02, 24.54it/s]
Train:  72%|#######1  | 164/229 [00:34<00:02, 23.68it/s]
Train:  73%|#######2  | 167/229 [00:34<00:02, 23.48it/s]
Train:  74%|#######4  | 170/229 [00:34<00:02, 22.57it/s]
Train:  76%|#######5  | 174/229 [00:34<00:02, 24.86it/s]
Train:  77%|#######7  | 177/229 [00:35<00:02, 24.36it/s]
Train:  79%|#######8  | 180/229 [00:35<00:02, 24.23it/s]
Train:  80%|#######9  | 183/229 [00:35<00:01, 24.24it/s]
Train:  81%|########1 | 186/229 [00:35<00:01, 24.42it/s]
Train:  83%|########2 | 189/229 [00:35<00:01, 25.57it/s]
Train:  84%|########3 | 192/229 [00:35<00:01, 24.39it/s]
Train:  85%|########5 | 195/229 [00:35<00:01, 24.98it/s]
Train:  86%|########6 | 198/229 [00:35<00:01, 24.97it/s]
Train:  88%|########7 | 201/229 [00:35<00:01, 24.77it/s]
Train:  89%|########9 | 204/229 [00:36<00:01, 24.09it/s]
Train:  90%|######### | 207/229 [00:36<00:00, 24.65it/s]
Train:  92%|#########1| 210/229 [00:36<00:00, 23.35it/s]
Train:  93%|#########3| 213/229 [00:36<00:00, 23.55it/s]
Train:  94%|#########4| 216/229 [00:36<00:00, 23.14it/s]
Train:  96%|#########5| 219/229 [00:36<00:00, 24.00it/s]
Train:  97%|#########6| 222/229 [00:36<00:00, 23.87it/s]
Train:  99%|#########8| 226/229 [00:36<00:00, 26.62it/s]
Train: 100%|##########| 229/229 [00:41<00:00,  2.11it/s]
Train: 100%|##########| 229/229 [00:42<00:00,  5.35it/s]

Eval:   0%|          | 0/58 [00:00<?, ?it/s]
Eval:   2%|1         | 1/58 [00:20<19:17, 20.30s/it]
Eval:   5%|5         | 3/58 [00:20<04:52,  5.31s/it]
Eval:  16%|#5        | 9/58 [00:20<01:03,  1.29s/it]
Eval:  22%|##2       | 13/58 [00:20<00:34,  1.32it/s]
Eval:  29%|##9       | 17/58 [00:20<00:19,  2.06it/s]
Eval:  36%|###6      | 21/58 [00:20<00:12,  3.05it/s]
Eval:  43%|####3     | 25/58 [00:21<00:07,  4.36it/s]
Eval:  50%|#####     | 29/58 [00:21<00:04,  6.04it/s]
Eval:  57%|#####6    | 33/58 [00:21<00:03,  8.16it/s]
Eval:  64%|######3   | 37/58 [00:21<00:01, 10.50it/s]
Eval:  71%|#######   | 41/58 [00:21<00:01, 13.18it/s]
Eval:  78%|#######7  | 45/58 [00:21<00:00, 16.47it/s]
Eval:  84%|########4 | 49/58 [00:21<00:00, 18.57it/s]
Eval:  91%|#########1| 53/58 [00:21<00:00, 20.76it/s]
Eval: 100%|##########| 58/58 [00:22<00:00, 25.70it/s]
Eval: 100%|##########| 58/58 [00:23<00:00,  2.51it/s]
train_loss=1.9288 | val_loss=1.3321 | val_macro_f1=0.5309 | val_acc=0.6068
Saved best checkpoint: artifacts\checkpoints\roomclf_convnexttiny_fold0_224_class_weights_effective_num_0995.ckpt

Epoch 2/3

Train:   0%|          | 0/229 [00:00<?, ?it/s]
Train:   0%|          | 1/229 [00:20<1:17:14, 20.33s/it]
Train:   2%|1         | 4/229 [00:20<14:31,  3.88s/it]  
Train:   3%|3         | 7/229 [00:20<06:43,  1.82s/it]
Train:   4%|4         | 10/229 [00:20<03:48,  1.04s/it]
Train:   6%|5         | 13/229 [00:20<02:22,  1.52it/s]
Train:   7%|6         | 16/229 [00:20<01:33,  2.27it/s]
Train:   8%|8         | 19/229 [00:21<01:04,  3.25it/s]
Train:  10%|9         | 22/229 [00:21<00:45,  4.56it/s]
Train:  11%|#         | 25/229 [00:21<00:33,  6.15it/s]
Train:  12%|#2        | 28/229 [00:21<00:24,  8.09it/s]
Train:  14%|#3        | 31/229 [00:21<00:19, 10.29it/s]
Train:  15%|#4        | 34/229 [00:21<00:15, 12.64it/s]
Train:  16%|#6        | 37/229 [00:21<00:12, 15.11it/s]
Train:  17%|#7        | 40/229 [00:21<00:10, 17.37it/s]
Train:  19%|#8        | 43/229 [00:21<00:09, 19.51it/s]
Train:  20%|##        | 46/229 [00:22<00:09, 20.01it/s]
Train:  21%|##1       | 49/229 [00:22<00:08, 21.06it/s]
Train:  23%|##2       | 52/229 [00:22<00:08, 21.66it/s]
Train:  24%|##4       | 55/229 [00:22<00:07, 22.74it/s]
Train:  25%|##5       | 58/229 [00:22<00:07, 24.13it/s]
Train:  27%|##6       | 61/229 [00:22<00:06, 24.85it/s]
Train:  28%|##7       | 64/229 [00:22<00:06, 25.57it/s]
Train:  29%|##9       | 67/229 [00:22<00:06, 24.76it/s]
Train:  31%|###       | 70/229 [00:23<00:06, 25.80it/s]
Train:  32%|###1      | 73/229 [00:23<00:05, 26.44it/s]
Train:  33%|###3      | 76/229 [00:23<00:05, 27.14it/s]
Train:  34%|###4      | 79/229 [00:23<00:05, 25.65it/s]
Train:  36%|###5      | 82/229 [00:23<00:05, 24.85it/s]
Train:  37%|###7      | 85/229 [00:23<00:05, 25.56it/s]
Train:  38%|###8      | 88/229 [00:23<00:05, 25.05it/s]
Train:  40%|###9      | 91/229 [00:23<00:05, 26.08it/s]
Train:  41%|####1     | 94/229 [00:23<00:05, 26.16it/s]
Train:  42%|####2     | 97/229 [00:24<00:05, 26.08it/s]
Train:  44%|####3     | 100/229 [00:24<00:05, 25.30it/s]
Train:  45%|####4     | 103/229 [00:24<00:04, 25.99it/s]
Train:  46%|####6     | 106/229 [00:24<00:04, 26.68it/s]
Train:  48%|####8     | 110/229 [00:24<00:04, 27.95it/s]
Train:  50%|####9     | 114/229 [00:24<00:04, 27.97it/s]
Train:  51%|#####1    | 117/229 [00:24<00:04, 27.48it/s]
Train:  52%|#####2    | 120/229 [00:24<00:03, 27.28it/s]
Train:  54%|#####3    | 123/229 [00:24<00:03, 27.57it/s]
Train:  55%|#####5    | 126/229 [00:25<00:04, 25.20it/s]
Train:  56%|#####6    | 129/229 [00:25<00:03, 25.81it/s]
Train:  58%|#####7    | 132/229 [00:25<00:03, 25.61it/s]
Train:  59%|#####8    | 135/229 [00:25<00:03, 25.30it/s]
Train:  60%|######    | 138/229 [00:25<00:03, 24.71it/s]
Train:  62%|######1   | 141/229 [00:25<00:03, 25.67it/s]
Train:  63%|######2   | 144/229 [00:25<00:03, 25.06it/s]
Train:  64%|######4   | 147/229 [00:25<00:03, 25.41it/s]
Train:  66%|######5   | 150/229 [00:26<00:03, 25.85it/s]
Train:  67%|######7   | 154/229 [00:26<00:02, 26.88it/s]
Train:  69%|######8   | 157/229 [00:26<00:02, 26.24it/s]
Train:  70%|######9   | 160/229 [00:26<00:02, 26.90it/s]
Train:  71%|#######1  | 163/229 [00:26<00:02, 26.92it/s]
Train:  72%|#######2  | 166/229 [00:26<00:02, 26.92it/s]
Train:  74%|#######3  | 169/229 [00:26<00:02, 27.33it/s]
Train:  75%|#######5  | 172/229 [00:26<00:02, 27.27it/s]
Train:  76%|#######6  | 175/229 [00:27<00:02, 26.01it/s]
Train:  78%|#######7  | 178/229 [00:27<00:01, 26.38it/s]
Train:  79%|#######9  | 181/229 [00:27<00:01, 27.17it/s]
Train:  80%|########  | 184/229 [00:27<00:01, 27.02it/s]
Train:  82%|########1 | 187/229 [00:27<00:01, 27.03it/s]
Train:  83%|########2 | 190/229 [00:27<00:01, 27.37it/s]
Train:  84%|########4 | 193/229 [00:27<00:01, 26.85it/s]
Train:  86%|########5 | 196/229 [00:27<00:01, 26.16it/s]
Train:  87%|########7 | 200/229 [00:27<00:01, 27.23it/s]
Train:  89%|########8 | 203/229 [00:28<00:00, 26.81it/s]
Train:  90%|########9 | 206/229 [00:28<00:00, 26.61it/s]
Train:  91%|#########1| 209/229 [00:28<00:00, 26.38it/s]
Train:  93%|#########2| 212/229 [00:28<00:00, 26.70it/s]
Train:  94%|#########3| 215/229 [00:28<00:00, 26.65it/s]
Train:  95%|#########5| 218/229 [00:28<00:00, 26.78it/s]
Train:  97%|#########6| 221/229 [00:28<00:00, 26.76it/s]
Train:  98%|#########8| 225/229 [00:28<00:00, 28.30it/s]
Train: 100%|##########| 229/229 [00:28<00:00, 30.31it/s]
Train: 100%|##########| 229/229 [00:29<00:00,  7.65it/s]

Eval:   0%|          | 0/58 [00:00<?, ?it/s]
Eval:   2%|1         | 1/58 [00:19<18:43, 19.72s/it]
Eval:   5%|5         | 3/58 [00:19<04:43,  5.15s/it]
Eval:  19%|#8        | 11/58 [00:19<00:46,  1.00it/s]
Eval:  28%|##7       | 16/58 [00:20<00:24,  1.70it/s]
Eval:  36%|###6      | 21/58 [00:20<00:14,  2.64it/s]
Eval:  43%|####3     | 25/58 [00:20<00:09,  3.65it/s]
Eval:  50%|#####     | 29/58 [00:20<00:05,  5.00it/s]
Eval:  57%|#####6    | 33/58 [00:20<00:03,  6.65it/s]
Eval:  64%|######3   | 37/58 [00:20<00:02,  8.76it/s]
Eval:  71%|#######   | 41/58 [00:20<00:01, 11.20it/s]
Eval:  78%|#######7  | 45/58 [00:20<00:00, 14.27it/s]
Eval:  84%|########4 | 49/58 [00:21<00:00, 16.96it/s]
Eval:  91%|#########1| 53/58 [00:21<00:00, 20.46it/s]
Eval:  98%|#########8| 57/58 [00:21<00:00, 23.00it/s]
Eval: 100%|##########| 58/58 [00:22<00:00,  2.60it/s]
train_loss=1.2977 | val_loss=1.1041 | val_macro_f1=0.6118 | val_acc=0.6440
Saved best checkpoint: artifacts\checkpoints\roomclf_convnexttiny_fold0_224_class_weights_effective_num_0995.ckpt

Epoch 3/3

Train:   0%|          | 0/229 [00:00<?, ?it/s]
Train:   0%|          | 1/229 [00:19<1:14:43, 19.66s/it]
Train:   1%|1         | 3/229 [00:19<19:21,  5.14s/it]  
Train:   3%|2         | 6/229 [00:19<07:27,  2.01s/it]
Train:   4%|3         | 9/229 [00:19<03:59,  1.09s/it]
Train:   5%|5         | 12/229 [00:20<02:24,  1.50it/s]
Train:   7%|6         | 15/229 [00:20<01:33,  2.29it/s]
Train:   8%|8         | 19/229 [00:20<00:57,  3.68it/s]
Train:  10%|9         | 22/229 [00:20<00:41,  4.93it/s]
Train:  11%|#         | 25/229 [00:20<00:31,  6.48it/s]
Train:  12%|#2        | 28/229 [00:20<00:24,  8.33it/s]
Train:  14%|#3        | 31/229 [00:20<00:19, 10.39it/s]
Train:  15%|#4        | 34/229 [00:20<00:15, 12.32it/s]
Train:  16%|#6        | 37/229 [00:21<00:13, 14.62it/s]
Train:  17%|#7        | 40/229 [00:21<00:11, 16.47it/s]
Train:  19%|#8        | 43/229 [00:21<00:10, 18.37it/s]
Train:  20%|##        | 46/229 [00:21<00:09, 19.81it/s]
Train:  21%|##1       | 49/229 [00:21<00:08, 21.38it/s]
Train:  23%|##2       | 52/229 [00:21<00:07, 22.49it/s]
Train:  24%|##4       | 55/229 [00:21<00:07, 23.53it/s]
Train:  25%|##5       | 58/229 [00:21<00:06, 24.84it/s]
Train:  27%|##6       | 61/229 [00:22<00:06, 25.62it/s]
Train:  28%|##7       | 64/229 [00:22<00:06, 25.80it/s]
Train:  29%|##9       | 67/229 [00:22<00:06, 25.47it/s]
Train:  31%|###       | 70/229 [00:22<00:06, 25.29it/s]
Train:  32%|###1      | 73/229 [00:22<00:06, 24.97it/s]
Train:  33%|###3      | 76/229 [00:22<00:05, 25.94it/s]
Train:  34%|###4      | 79/229 [00:22<00:05, 25.97it/s]
Train:  36%|###5      | 82/229 [00:22<00:05, 24.72it/s]
Train:  37%|###7      | 85/229 [00:22<00:05, 25.37it/s]
Train:  38%|###8      | 88/229 [00:23<00:05, 24.86it/s]
Train:  40%|###9      | 91/229 [00:23<00:05, 23.25it/s]
Train:  41%|####1     | 94/229 [00:23<00:05, 24.33it/s]
Train:  42%|####2     | 97/229 [00:23<00:05, 24.26it/s]
Train:  44%|####3     | 100/229 [00:23<00:05, 24.40it/s]
Train:  45%|####4     | 103/229 [00:23<00:05, 23.87it/s]
Train:  46%|####6     | 106/229 [00:23<00:04, 24.90it/s]
Train:  48%|####7     | 109/229 [00:23<00:04, 24.93it/s]
Train:  49%|####8     | 112/229 [00:24<00:04, 25.36it/s]
Train:  50%|#####     | 115/229 [00:24<00:04, 24.57it/s]
Train:  52%|#####1    | 118/229 [00:24<00:04, 24.47it/s]
Train:  53%|#####2    | 121/229 [00:24<00:04, 24.60it/s]
Train:  54%|#####4    | 124/229 [00:24<00:04, 23.67it/s]
Train:  55%|#####5    | 127/229 [00:24<00:04, 24.36it/s]
Train:  57%|#####6    | 130/229 [00:24<00:03, 25.21it/s]
Train:  58%|#####8    | 133/229 [00:24<00:04, 23.85it/s]
Train:  59%|#####9    | 136/229 [00:25<00:03, 24.90it/s]
Train:  61%|######    | 139/229 [00:25<00:03, 25.52it/s]
Train:  62%|######2   | 142/229 [00:25<00:03, 26.46it/s]
Train:  63%|######3   | 145/229 [00:25<00:03, 26.32it/s]
Train:  65%|######4   | 148/229 [00:25<00:03, 25.72it/s]
Train:  66%|######5   | 151/229 [00:25<00:03, 25.70it/s]
Train:  67%|######7   | 154/229 [00:25<00:03, 23.85it/s]
Train:  69%|######8   | 157/229 [00:25<00:03, 23.95it/s]
Train:  70%|######9   | 160/229 [00:26<00:02, 23.50it/s]
Train:  71%|#######1  | 163/229 [00:26<00:02, 24.09it/s]
Train:  72%|#######2  | 166/229 [00:26<00:02, 24.85it/s]
Train:  74%|#######3  | 169/229 [00:26<00:02, 25.23it/s]
Train:  75%|#######5  | 172/229 [00:26<00:02, 25.31it/s]
Train:  77%|#######6  | 176/229 [00:26<00:01, 27.06it/s]
Train:  78%|#######8  | 179/229 [00:26<00:01, 25.86it/s]
Train:  79%|#######9  | 182/229 [00:26<00:01, 25.04it/s]
Train:  81%|########  | 185/229 [00:27<00:01, 25.42it/s]
Train:  82%|########2 | 188/229 [00:27<00:01, 25.82it/s]
Train:  83%|########3 | 191/229 [00:27<00:01, 26.62it/s]
Train:  85%|########4 | 194/229 [00:27<00:01, 27.12it/s]
Train:  86%|########6 | 197/229 [00:27<00:01, 26.22it/s]
Train:  87%|########7 | 200/229 [00:27<00:01, 26.30it/s]
Train:  89%|########8 | 203/229 [00:27<00:00, 27.12it/s]
Train:  90%|########9 | 206/229 [00:27<00:00, 26.12it/s]
Train:  91%|#########1| 209/229 [00:27<00:00, 26.94it/s]
Train:  93%|#########2| 212/229 [00:28<00:00, 26.17it/s]
Train:  94%|#########4| 216/229 [00:28<00:00, 27.17it/s]
Train:  96%|#########5| 219/229 [00:28<00:00, 26.97it/s]
Train:  97%|#########6| 222/229 [00:28<00:00, 27.62it/s]
Train:  99%|#########8| 226/229 [00:28<00:00, 28.81it/s]
Train: 100%|##########| 229/229 [00:29<00:00,  7.75it/s]

Eval:   0%|          | 0/58 [00:00<?, ?it/s]
Eval:   2%|1         | 1/58 [00:19<18:22, 19.35s/it]
Eval:  14%|#3        | 8/58 [00:19<01:28,  1.77s/it]
Eval:  26%|##5       | 15/58 [00:19<00:33,  1.27it/s]
Eval:  34%|###4      | 20/58 [00:19<00:19,  1.96it/s]
Eval:  43%|####3     | 25/58 [00:19<00:11,  2.88it/s]
Eval:  50%|#####     | 29/58 [00:20<00:07,  3.87it/s]
Eval:  57%|#####6    | 33/58 [00:20<00:04,  5.19it/s]
Eval:  64%|######3   | 37/58 [00:20<00:03,  6.84it/s]
Eval:  71%|#######   | 41/58 [00:20<00:01,  8.96it/s]
Eval:  78%|#######7  | 45/58 [00:20<00:01, 11.56it/s]
Eval:  84%|########4 | 49/58 [00:20<00:00, 14.08it/s]
Eval:  91%|#########1| 53/58 [00:20<00:00, 17.01it/s]
Eval:  98%|#########8| 57/58 [00:20<00:00, 20.36it/s]
Eval: 100%|##########| 58/58 [00:21<00:00,  2.64it/s]
train_loss=1.0205 | val_loss=1.1305 | val_macro_f1=0.6238 | val_acc=0.6364
Saved best checkpoint: artifacts\checkpoints\roomclf_convnexttiny_fold0_224_class_weights_effective_num_0995.ckpt

OOF:   0%|          | 0/58 [00:00<?, ?it/s]
OOF:   2%|1         | 1/58 [00:19<18:18, 19.28s/it]
OOF:  16%|#5        | 9/58 [00:19<01:16,  1.56s/it]
OOF:  29%|##9       | 17/58 [00:19<00:28,  1.45it/s]
OOF:  40%|###9      | 23/58 [00:19<00:15,  2.26it/s]
OOF:  48%|####8     | 28/58 [00:19<00:09,  3.18it/s]
OOF:  55%|#####5    | 32/58 [00:20<00:06,  4.16it/s]
OOF:  62%|######2   | 36/58 [00:20<00:04,  5.47it/s]
OOF:  69%|######8   | 40/58 [00:20<00:02,  7.13it/s]
OOF:  76%|#######5  | 44/58 [00:20<00:01,  9.31it/s]
OOF:  83%|########2 | 48/58 [00:20<00:00, 11.63it/s]
OOF:  90%|########9 | 52/58 [00:20<00:00, 14.13it/s]
OOF: 100%|##########| 58/58 [00:21<00:00,  2.66it/s]

Shadow:   0%|          | 0/32 [00:00<?, ?it/s]
Shadow:   0%|          | 0/32 [00:19<?, ?it/s]
Traceback (most recent call last):
  File "C:\Users\User\hacaton\hakathon_room_cv\src\training\train_image.py", line 1483, in <module>
    main()
  File "C:\Users\User\hacaton\hakathon_room_cv\src\training\train_image.py", line 1451, in main
    oof_frame, shadow_frame, run_id = run_fold(args, fold_cfg, splits, fold, experiment_id)
                                      ^^^^^^^^^^^^^^^^^^^^^^^^^^^^^^^^^^^^^^^^^^^^^^^^^^^^^
  File "C:\Users\User\hacaton\hakathon_room_cv\src\training\train_image.py", line 1367, in run_fold
    shadow_result = predict(
                    ^^^^^^^^
  File "C:\Users\User\hacaton\hakathon_room_cv\.venv\Lib\site-packages\torch\utils\_contextlib.py", line 124, in decorate_context
    return func(*args, **kwargs)
           ^^^^^^^^^^^^^^^^^^^^^
  File "C:\Users\User\hacaton\hakathon_room_cv\src\training\train_image.py", line 698, in predict
    for images, labels, sample_weights in tqdm(loader, desc=desc):
                                          ^^^^^^^^^^^^^^^^^^^^^^^
  File "C:\Users\User\hacaton\hakathon_room_cv\.venv\Lib\site-packages\tqdm\std.py", line 1181, in __iter__
    for obj in iterable:
               ^^^^^^^^
  File "C:\Users\User\hacaton\hakathon_room_cv\.venv\Lib\site-packages\torch\utils\data\dataloader.py", line 741, in __next__
    data = self._next_data()
           ^^^^^^^^^^^^^^^^^
  File "C:\Users\User\hacaton\hakathon_room_cv\.venv\Lib\site-packages\torch\utils\data\dataloader.py", line 1548, in _next_data
    return self._process_data(data, worker_id)
           ^^^^^^^^^^^^^^^^^^^^^^^^^^^^^^^^^^^
  File "C:\Users\User\hacaton\hakathon_room_cv\.venv\Lib\site-packages\torch\utils\data\dataloader.py", line 1586, in _process_data
    data.reraise()
  File "C:\Users\User\hacaton\hakathon_room_cv\.venv\Lib\site-packages\torch\_utils.py", line 785, in reraise
    raise exception
FileNotFoundError: Caught FileNotFoundError in DataLoader worker process 0.
Original Traceback (most recent call last):
  File "C:\Users\User\hacaton\hakathon_room_cv\.venv\Lib\site-packages\torch\utils\data\_utils\worker.py", line 358, in _worker_loop
    data = fetcher.fetch(index)  # type: ignore[possibly-undefined]
           ^^^^^^^^^^^^^^^^^^^^
  File "C:\Users\User\hacaton\hakathon_room_cv\.venv\Lib\site-packages\torch\utils\data\_utils\fetch.py", line 54, in fetch
    data = [self.dataset[idx] for idx in possibly_batched_index]
            ~~~~~~~~~~~~^^^^^
  File "C:\Users\User\hacaton\hakathon_room_cv\src\training\train_image.py", line 274, in __getitem__
    image = Image.open(img_path).convert("RGB")
            ^^^^^^^^^^^^^^^^^^^^
  File "C:\Users\User\hacaton\hakathon_room_cv\.venv\Lib\site-packages\PIL\Image.py", line 3635, in open
    fp = builtins.open(filename, "rb")
         ^^^^^^^^^^^^^^^^^^^^^^^^^^^^^
FileNotFoundError: [Errno 2] No such file or directory: 'data\\raw\\val_images\\val_images\\15117496294.jpg'

